<?xml version="1.0" encoding="UTF-8"?>
<!-- Generated by org.testng.reporters.JUnitReportReporter -->
<testsuite skipped="0" hostname="DESKTOP-SI0J3GJ" name="WatchMode.Watch" tests="1" failures="0" timestamp="31 Jan 2024 14:42:42 GMT" time="3.474" errors="0">
  <testcase name="browser" time="3.474" classname="WatchMode.Watch"/>
</testsuite> <!-- WatchMode.Watch -->
