<?xml version="1.0" encoding="UTF-8"?>
<!-- Generated by org.testng.reporters.JUnitReportReporter -->
<testsuite skipped="0" hostname="DESKTOP-SI0J3GJ" name="signIn.LogIn" tests="2" failures="0" timestamp="30 Jan 2024 19:11:02 GMT" time="11.356" errors="0">
  <testcase name="browser" time="8.493" classname="signIn.LogIn"/>
  <testcase name="Sign" time="2.863" classname="signIn.LogIn"/>
</testsuite> <!-- signIn.LogIn -->
