<?xml version="1.0" encoding="UTF-8"?>
<!-- Generated by org.testng.reporters.JUnitReportReporter -->
<testsuite skipped="0" hostname="DESKTOP-SI0J3GJ" name="WatchMode.Watch" tests="2" failures="0" timestamp="31 Jan 2024 13:33:01 GMT" time="13.956" errors="0">
  <testcase name="browser" time="2.258" classname="WatchMode.Watch"/>
  <testcase name="Watch" time="11.698" classname="WatchMode.Watch"/>
</testsuite> <!-- WatchMode.Watch -->
