<?xml version="1.0" encoding="UTF-8"?>
<!-- Generated by org.testng.reporters.JUnitReportReporter -->
<testsuite skipped="0" hostname="DESKTOP-SI0J3GJ" name="WatchMode.Watchbutton" tests="3" failures="0" timestamp="31 Jan 2024 14:54:45 GMT" time="23.568" errors="0">
  <testcase name="browser" time="2.050" classname="WatchMode.Watchbutton"/>
  <testcase name="Watch" time="13.356" classname="WatchMode.Watchbutton"/>
  <testcase name="nav" time="8.162" classname="WatchMode.Watchbutton"/>
</testsuite> <!-- WatchMode.Watchbutton -->
