<?xml version="1.0" encoding="UTF-8"?>
<!-- Generated by org.testng.reporters.JUnitReportReporter -->
<testsuite skipped="0" hostname="DESKTOP-SI0J3GJ" name="urlaunch.browserlaunch" tests="2" failures="0" timestamp="31 Jan 2024 14:54:45 GMT" time="15.058" errors="0">
  <testcase name="browser" time="9.043" classname="urlaunch.browserlaunch"/>
  <testcase name="nav" time="6.015" classname="urlaunch.browserlaunch"/>
</testsuite> <!-- urlaunch.browserlaunch -->
