<?xml version="1.0" encoding="UTF-8"?>
<!-- Generated by org.testng.reporters.JUnitReportReporter -->
<testsuite skipped="0" hostname="DESKTOP-SI0J3GJ" name="urlaunch.browserlaunch" tests="1" failures="0" timestamp="01 Feb 2024 05:08:12 GMT" time="34.517" errors="0">
  <testcase name="nav" time="34.517" classname="urlaunch.browserlaunch"/>
</testsuite> <!-- urlaunch.browserlaunch -->
