<?xml version="1.0" encoding="UTF-8"?>
<!-- Generated by org.testng.reporters.JUnitReportReporter -->
<testsuite skipped="0" hostname="DESKTOP-SI0J3GJ" name="urlaunch.browserlaunch" tests="1" failures="0" timestamp="31 Jan 2024 15:49:27 GMT" time="13.113" errors="0">
  <testcase name="nav" time="13.113" classname="urlaunch.browserlaunch"/>
</testsuite> <!-- urlaunch.browserlaunch -->
