<?xml version="1.0" encoding="UTF-8"?>
<!-- Generated by org.testng.reporters.JUnitReportReporter -->
<testsuite skipped="0" hostname="DESKTOP-SI0J3GJ" name="WatchDemo.Watchbutton" tests="1" failures="0" timestamp="01 Feb 2024 05:06:11 GMT" time="25.830" errors="0">
  <testcase name="Watch" time="25.830" classname="WatchDemo.Watchbutton"/>
</testsuite> <!-- WatchDemo.Watchbutton -->
