<?xml version="1.0" encoding="UTF-8"?>
<!-- Generated by org.testng.reporters.JUnitReportReporter -->
<testsuite skipped="0" hostname="DESKTOP-SI0J3GJ" name="urlaunch.browserlaunch" tests="1" failures="0" timestamp="31 Jan 2024 10:33:00 GMT" time="10.908" errors="0">
  <testcase name="browser" time="10.908" classname="urlaunch.browserlaunch"/>
</testsuite> <!-- urlaunch.browserlaunch -->
