<?xml version="1.0" encoding="UTF-8"?>
<!-- Generated by org.testng.reporters.JUnitReportReporter -->
<testsuite skipped="0" hostname="DESKTOP-SI0J3GJ" name="WatchMode.Watchbutton" tests="2" failures="0" timestamp="31 Jan 2024 15:49:27 GMT" time="49.005" errors="0">
  <testcase name="Watch" time="40.488" classname="WatchMode.Watchbutton"/>
  <testcase name="nav" time="8.517" classname="WatchMode.Watchbutton"/>
</testsuite> <!-- WatchMode.Watchbutton -->
