<?xml version="1.0" encoding="UTF-8"?>
<!-- Generated by org.testng.reporters.JUnitReportReporter -->
<testsuite skipped="0" hostname="DESKTOP-SI0J3GJ" name="Navig.navigtn" tests="2" failures="0" timestamp="31 Jan 2024 13:33:01 GMT" time="8.254" errors="0">
  <testcase name="browser" time="2.328" classname="Navig.navigtn"/>
  <testcase name="nav" time="5.926" classname="Navig.navigtn"/>
</testsuite> <!-- Navig.navigtn -->
