<?xml version="1.0" encoding="UTF-8"?>
<!-- Generated by org.testng.reporters.JUnitReportReporter -->
<testsuite skipped="0" hostname="DESKTOP-SI0J3GJ" name="Navig.navigtn" tests="2" failures="0" timestamp="31 Jan 2024 10:33:00 GMT" time="7.651" errors="0">
  <testcase name="browser" time="2.636" classname="Navig.navigtn"/>
  <testcase name="nav" time="5.015" classname="Navig.navigtn"/>
</testsuite> <!-- Navig.navigtn -->
