<?xml version="1.0" encoding="UTF-8"?>
<!-- Generated by org.testng.reporters.JUnitReportReporter -->
<testsuite skipped="0" hostname="DESKTOP-SI0J3GJ" name="urlaunch.browser" tests="1" failures="0" timestamp="30 Jan 2024 17:31:15 GMT" time="10.834" errors="0">
  <testcase name="browser" time="10.834" classname="urlaunch.browser"/>
</testsuite> <!-- urlaunch.browser -->
