<?xml version="1.0" encoding="UTF-8"?>
<!-- Generated by org.testng.reporters.JUnitReportReporter -->
<testsuite skipped="0" hostname="DESKTOP-SI0J3GJ" name="urlaunch.browserlaunch" tests="2" failures="0" timestamp="31 Jan 2024 14:12:22 GMT" time="21.896" errors="0">
  <testcase name="browser" time="14.925" classname="urlaunch.browserlaunch"/>
  <testcase name="nav" time="6.971" classname="urlaunch.browserlaunch"/>
</testsuite> <!-- urlaunch.browserlaunch -->
