<?xml version="1.0" encoding="UTF-8"?>
<!-- Generated by org.testng.reporters.JUnitReportReporter -->
<testsuite skipped="0" hostname="DESKTOP-SI0J3GJ" name="WatchMode.Watch" tests="3" failures="0" timestamp="31 Jan 2024 14:12:22 GMT" time="27.678" errors="0">
  <testcase name="browser" time="3.964" classname="WatchMode.Watch"/>
  <testcase name="Watch" time="17.501" classname="WatchMode.Watch"/>
  <testcase name="nav" time="6.213" classname="WatchMode.Watch"/>
</testsuite> <!-- WatchMode.Watch -->
